<?xml version="1.0" encoding="UTF-8"?>
<!-- Generated by org.testng.reporters.JUnitReportReporter -->
<testsuite skipped="0" hostname="G1ML22496" name="com.demoaut.newtours.Testscripts.ValidateUserTest" tests="1" failures="0" timestamp="01 Aug 2017 17:21:44 GMT" time="5.497" errors="0">
  <testcase name="userValidation" time="5.497" classname="com.demoaut.newtours.Testscripts.ValidateUserTest"/>
</testsuite> <!-- com.demoaut.newtours.Testscripts.ValidateUserTest -->
