<?xml version="1.0" encoding="UTF-8"?>
<!-- Generated by org.testng.reporters.JUnitReportReporter -->
<testsuite skipped="0" hostname="G1ML22496" name="com.demoaut.newtours.Testscripts.BookTicketTest" tests="1" failures="0" timestamp="01 Aug 2017 17:21:44 GMT" time="20.577" errors="0">
  <testcase name="ticketBooking" time="20.577" classname="com.demoaut.newtours.Testscripts.BookTicketTest"/>
</testsuite> <!-- com.demoaut.newtours.Testscripts.BookTicketTest -->
